<?xml version="1.0" encoding="UTF-8"?>
<!-- Generated by org.testng.reporters.JUnitReportReporter -->
<testsuite skipped="0" hostname="Sabana" name="Test2.AccountModuleTest" tests="1" failures="0" timestamp="25 Feb 2018 22:00:25 GMT" time="35.341" errors="0">
  <testcase name="newCreateAccount" time="35.341" classname="Test2.AccountModuleTest"/>
</testsuite> <!-- Test2.AccountModuleTest -->
