<?xml version="1.0" encoding="UTF-8"?>
<!-- Generated by org.testng.reporters.JUnitReportReporter -->
<testsuite skipped="4" hostname="Sabana" name="Tests.CustomerModuleTest" tests="5" failures="0" timestamp="25 Feb 2018 10:45:58 GMT" time="28.289" errors="0">
  <testcase name="editCustomer" time="28.289" classname="Tests.CustomerModuleTest"/>
  <testcase name="linkCountTest" classname="Tests.CustomerModuleTest">
    <skipped/>
  </testcase> <!-- linkCountTest -->
  <testcase name="deleteCustomer" classname="Tests.CustomerModuleTest">
    <skipped/>
  </testcase> <!-- deleteCustomer -->
  <testcase name="loginTest" classname="Tests.CustomerModuleTest">
    <skipped/>
  </testcase> <!-- loginTest -->
  <testcase name="addCustomer" classname="Tests.CustomerModuleTest">
    <skipped/>
  </testcase> <!-- addCustomer -->
</testsuite> <!-- Tests.CustomerModuleTest -->
